1747484480.441309 client started (8201): version 3.4, socket /tmp/tmux-1000/default, protocol 8
1747484480.441325 on Linux 6.11.0-25-generic #25~24.04.1-Ubuntu SMP PREEMPT_DYNAMIC Tue Apr 15 17:20:50 UTC 2
1747484480.441327 using libevent 2.1.12-stable poll
1747484480.441328 using ncurses 6.4 20240113
1747484480.441336 flags are 0x18010000
1747484480.441343 socket is /tmp/tmux-1000/default
1747484480.441351 trying connect
1747484480.441358 connect failed: Connection refused
1747484480.441362 lock file is /tmp/tmux-1000/default.lock
1747484480.441381 flock succeeded
1747484480.441382 got lock (6)
1747484480.441385 trying connect
1747484480.441389 connect failed: Connection refused
1747484480.441566 add peer 0x5ff4f9c87160: 7 ((nil))
1747484480.441792 sending message 100 to peer 0x5ff4f9c87160 (4 bytes)
1747484480.441794 sending message 111 to peer 0x5ff4f9c87160 (8 bytes)
1747484480.441795 sending message 101 to peer 0x5ff4f9c87160 (15 bytes)
1747484480.441797 sending message 109 to peer 0x5ff4f9c87160 (4 bytes)
1747484480.441798 sending message 102 to peer 0x5ff4f9c87160 (11 bytes)
1747484480.441799 sending message 108 to peer 0x5ff4f9c87160 (43 bytes)
1747484480.441801 sending message 112 to peer 0x5ff4f9c87160 (58 bytes)
1747484480.441802 sending message 112 to peer 0x5ff4f9c87160 (5 bytes)
1747484480.441803 sending message 112 to peer 0x5ff4f9c87160 (5 bytes)
1747484480.441805 sending message 112 to peer 0x5ff4f9c87160 (6 bytes)
1747484480.441806 sending message 112 to peer 0x5ff4f9c87160 (6 bytes)
1747484480.441807 sending message 112 to peer 0x5ff4f9c87160 (11 bytes)
1747484480.441809 sending message 112 to peer 0x5ff4f9c87160 (10 bytes)
1747484480.441810 sending message 112 to peer 0x5ff4f9c87160 (13 bytes)
1747484480.441811 sending message 112 to peer 0x5ff4f9c87160 (14 bytes)
1747484480.441812 sending message 112 to peer 0x5ff4f9c87160 (19 bytes)
1747484480.441814 sending message 112 to peer 0x5ff4f9c87160 (11 bytes)
1747484480.441815 sending message 112 to peer 0x5ff4f9c87160 (10 bytes)
1747484480.441816 sending message 112 to peer 0x5ff4f9c87160 (15 bytes)
1747484480.441817 sending message 112 to peer 0x5ff4f9c87160 (21 bytes)
1747484480.441819 sending message 112 to peer 0x5ff4f9c87160 (13 bytes)
1747484480.441820 sending message 112 to peer 0x5ff4f9c87160 (7 bytes)
1747484480.441821 sending message 112 to peer 0x5ff4f9c87160 (13 bytes)
1747484480.441822 sending message 112 to peer 0x5ff4f9c87160 (7 bytes)
1747484480.441824 sending message 112 to peer 0x5ff4f9c87160 (13 bytes)
1747484480.441825 sending message 112 to peer 0x5ff4f9c87160 (9 bytes)
1747484480.441826 sending message 112 to peer 0x5ff4f9c87160 (21 bytes)
1747484480.441827 sending message 112 to peer 0x5ff4f9c87160 (13 bytes)
1747484480.441829 sending message 112 to peer 0x5ff4f9c87160 (9 bytes)
1747484480.441830 sending message 112 to peer 0x5ff4f9c87160 (16 bytes)
1747484480.441831 sending message 112 to peer 0x5ff4f9c87160 (13 bytes)
1747484480.441832 sending message 112 to peer 0x5ff4f9c87160 (9 bytes)
1747484480.441834 sending message 112 to peer 0x5ff4f9c87160 (9 bytes)
1747484480.441835 sending message 112 to peer 0x5ff4f9c87160 (12 bytes)
1747484480.441836 sending message 112 to peer 0x5ff4f9c87160 (8 bytes)
1747484480.441837 sending message 112 to peer 0x5ff4f9c87160 (8 bytes)
1747484480.441839 sending message 112 to peer 0x5ff4f9c87160 (13 bytes)
1747484480.441840 sending message 112 to peer 0x5ff4f9c87160 (7 bytes)
1747484480.441841 sending message 112 to peer 0x5ff4f9c87160 (7 bytes)
1747484480.441842 sending message 112 to peer 0x5ff4f9c87160 (9 bytes)
1747484480.441844 sending message 112 to peer 0x5ff4f9c87160 (9 bytes)
1747484480.441845 sending message 112 to peer 0x5ff4f9c87160 (15 bytes)
1747484480.441846 sending message 112 to peer 0x5ff4f9c87160 (13 bytes)
1747484480.441847 sending message 112 to peer 0x5ff4f9c87160 (12 bytes)
1747484480.441849 sending message 112 to peer 0x5ff4f9c87160 (8 bytes)
1747484480.441850 sending message 112 to peer 0x5ff4f9c87160 (14 bytes)
1747484480.441851 sending message 112 to peer 0x5ff4f9c87160 (11 bytes)
1747484480.441856 sending message 112 to peer 0x5ff4f9c87160 (9 bytes)
1747484480.441858 sending message 112 to peer 0x5ff4f9c87160 (10 bytes)
1747484480.441859 sending message 112 to peer 0x5ff4f9c87160 (10 bytes)
1747484480.441860 sending message 112 to peer 0x5ff4f9c87160 (10 bytes)
1747484480.441862 sending message 112 to peer 0x5ff4f9c87160 (10 bytes)
1747484480.441863 sending message 112 to peer 0x5ff4f9c87160 (11 bytes)
1747484480.441864 sending message 112 to peer 0x5ff4f9c87160 (12 bytes)
1747484480.441865 sending message 112 to peer 0x5ff4f9c87160 (12 bytes)
1747484480.441867 sending message 112 to peer 0x5ff4f9c87160 (12 bytes)
1747484480.441868 sending message 112 to peer 0x5ff4f9c87160 (12 bytes)
1747484480.441869 sending message 112 to peer 0x5ff4f9c87160 (12 bytes)
1747484480.441870 sending message 112 to peer 0x5ff4f9c87160 (11 bytes)
1747484480.441872 sending message 112 to peer 0x5ff4f9c87160 (11 bytes)
1747484480.441873 sending message 112 to peer 0x5ff4f9c87160 (12 bytes)
1747484480.441874 sending message 112 to peer 0x5ff4f9c87160 (12 bytes)
1747484480.441875 sending message 112 to peer 0x5ff4f9c87160 (12 bytes)
1747484480.441877 sending message 112 to peer 0x5ff4f9c87160 (12 bytes)
1747484480.441878 sending message 112 to peer 0x5ff4f9c87160 (12 bytes)
1747484480.441879 sending message 112 to peer 0x5ff4f9c87160 (9 bytes)
1747484480.441880 sending message 112 to peer 0x5ff4f9c87160 (12 bytes)
1747484480.441882 sending message 112 to peer 0x5ff4f9c87160 (13 bytes)
1747484480.441883 sending message 112 to peer 0x5ff4f9c87160 (13 bytes)
1747484480.441884 sending message 112 to peer 0x5ff4f9c87160 (13 bytes)
1747484480.441886 sending message 112 to peer 0x5ff4f9c87160 (13 bytes)
1747484480.441887 sending message 112 to peer 0x5ff4f9c87160 (13 bytes)
1747484480.441888 sending message 112 to peer 0x5ff4f9c87160 (8 bytes)
1747484480.441889 sending message 112 to peer 0x5ff4f9c87160 (11 bytes)
1747484480.441891 sending message 112 to peer 0x5ff4f9c87160 (11 bytes)
1747484480.441892 sending message 112 to peer 0x5ff4f9c87160 (11 bytes)
1747484480.441893 sending message 112 to peer 0x5ff4f9c87160 (12 bytes)
1747484480.441894 sending message 112 to peer 0x5ff4f9c87160 (12 bytes)
1747484480.441896 sending message 112 to peer 0x5ff4f9c87160 (12 bytes)
1747484480.441897 sending message 112 to peer 0x5ff4f9c87160 (12 bytes)
1747484480.441898 sending message 112 to peer 0x5ff4f9c87160 (13 bytes)
1747484480.441900 sending message 112 to peer 0x5ff4f9c87160 (13 bytes)
1747484480.441901 sending message 112 to peer 0x5ff4f9c87160 (13 bytes)
1747484480.441902 sending message 112 to peer 0x5ff4f9c87160 (8 bytes)
1747484480.441903 sending message 112 to peer 0x5ff4f9c87160 (13 bytes)
1747484480.441905 sending message 112 to peer 0x5ff4f9c87160 (13 bytes)
1747484480.441906 sending message 112 to peer 0x5ff4f9c87160 (13 bytes)
1747484480.441907 sending message 112 to peer 0x5ff4f9c87160 (13 bytes)
1747484480.441908 sending message 112 to peer 0x5ff4f9c87160 (13 bytes)
1747484480.441910 sending message 112 to peer 0x5ff4f9c87160 (12 bytes)
1747484480.441911 sending message 112 to peer 0x5ff4f9c87160 (12 bytes)
1747484480.441912 sending message 112 to peer 0x5ff4f9c87160 (12 bytes)
1747484480.441913 sending message 112 to peer 0x5ff4f9c87160 (12 bytes)
1747484480.441915 sending message 112 to peer 0x5ff4f9c87160 (13 bytes)
1747484480.441916 sending message 112 to peer 0x5ff4f9c87160 (8 bytes)
1747484480.441917 sending message 112 to peer 0x5ff4f9c87160 (13 bytes)
1747484480.441918 sending message 112 to peer 0x5ff4f9c87160 (13 bytes)
1747484480.441920 sending message 112 to peer 0x5ff4f9c87160 (13 bytes)
1747484480.441921 sending message 112 to peer 0x5ff4f9c87160 (13 bytes)
1747484480.441922 sending message 112 to peer 0x5ff4f9c87160 (13 bytes)
1747484480.441923 sending message 112 to peer 0x5ff4f9c87160 (13 bytes)
1747484480.441925 sending message 112 to peer 0x5ff4f9c87160 (13 bytes)
1747484480.441926 sending message 112 to peer 0x5ff4f9c87160 (12 bytes)
1747484480.441927 sending message 112 to peer 0x5ff4f9c87160 (12 bytes)
1747484480.441931 sending message 112 to peer 0x5ff4f9c87160 (12 bytes)
1747484480.441932 sending message 112 to peer 0x5ff4f9c87160 (8 bytes)
1747484480.441933 sending message 112 to peer 0x5ff4f9c87160 (12 bytes)
1747484480.441935 sending message 112 to peer 0x5ff4f9c87160 (13 bytes)
1747484480.441936 sending message 112 to peer 0x5ff4f9c87160 (13 bytes)
1747484480.441937 sending message 112 to peer 0x5ff4f9c87160 (13 bytes)
1747484480.441938 sending message 112 to peer 0x5ff4f9c87160 (13 bytes)
1747484480.441940 sending message 112 to peer 0x5ff4f9c87160 (13 bytes)
1747484480.441941 sending message 112 to peer 0x5ff4f9c87160 (13 bytes)
1747484480.441942 sending message 112 to peer 0x5ff4f9c87160 (13 bytes)
1747484480.441943 sending message 112 to peer 0x5ff4f9c87160 (13 bytes)
1747484480.441945 sending message 112 to peer 0x5ff4f9c87160 (12 bytes)
1747484480.441946 sending message 112 to peer 0x5ff4f9c87160 (10 bytes)
1747484480.441947 sending message 112 to peer 0x5ff4f9c87160 (12 bytes)
1747484480.441949 sending message 112 to peer 0x5ff4f9c87160 (12 bytes)
1747484480.441950 sending message 112 to peer 0x5ff4f9c87160 (12 bytes)
1747484480.441951 sending message 112 to peer 0x5ff4f9c87160 (13 bytes)
1747484480.441952 sending message 112 to peer 0x5ff4f9c87160 (13 bytes)
1747484480.441954 sending message 112 to peer 0x5ff4f9c87160 (13 bytes)
1747484480.441955 sending message 112 to peer 0x5ff4f9c87160 (13 bytes)
1747484480.441956 sending message 112 to peer 0x5ff4f9c87160 (13 bytes)
1747484480.441957 sending message 112 to peer 0x5ff4f9c87160 (13 bytes)
1747484480.441959 sending message 112 to peer 0x5ff4f9c87160 (13 bytes)
1747484480.441960 sending message 112 to peer 0x5ff4f9c87160 (10 bytes)
1747484480.441961 sending message 112 to peer 0x5ff4f9c87160 (13 bytes)
1747484480.441962 sending message 112 to peer 0x5ff4f9c87160 (12 bytes)
1747484480.441964 sending message 112 to peer 0x5ff4f9c87160 (12 bytes)
1747484480.441965 sending message 112 to peer 0x5ff4f9c87160 (12 bytes)
1747484480.441966 sending message 112 to peer 0x5ff4f9c87160 (10 bytes)
1747484480.441968 sending message 112 to peer 0x5ff4f9c87160 (10 bytes)
1747484480.441969 sending message 112 to peer 0x5ff4f9c87160 (10 bytes)
1747484480.441970 sending message 112 to peer 0x5ff4f9c87160 (12 bytes)
1747484480.441971 sending message 112 to peer 0x5ff4f9c87160 (13 bytes)
1747484480.441973 sending message 112 to peer 0x5ff4f9c87160 (13 bytes)
1747484480.441974 sending message 112 to peer 0x5ff4f9c87160 (13 bytes)
1747484480.441975 sending message 112 to peer 0x5ff4f9c87160 (13 bytes)
1747484480.441976 sending message 112 to peer 0x5ff4f9c87160 (13 bytes)
1747484480.441978 sending message 112 to peer 0x5ff4f9c87160 (10 bytes)
1747484480.441979 sending message 112 to peer 0x5ff4f9c87160 (11 bytes)
1747484480.441980 sending message 112 to peer 0x5ff4f9c87160 (12 bytes)
1747484480.441981 sending message 112 to peer 0x5ff4f9c87160 (12 bytes)
1747484480.441983 sending message 112 to peer 0x5ff4f9c87160 (12 bytes)
1747484480.441984 sending message 112 to peer 0x5ff4f9c87160 (12 bytes)
1747484480.441985 sending message 112 to peer 0x5ff4f9c87160 (12 bytes)
1747484480.441987 sending message 112 to peer 0x5ff4f9c87160 (11 bytes)
1747484480.441988 sending message 112 to peer 0x5ff4f9c87160 (12 bytes)
1747484480.441989 sending message 112 to peer 0x5ff4f9c87160 (12 bytes)
1747484480.441990 sending message 112 to peer 0x5ff4f9c87160 (13 bytes)
1747484480.441992 sending message 112 to peer 0x5ff4f9c87160 (13 bytes)
1747484480.441993 sending message 112 to peer 0x5ff4f9c87160 (13 bytes)
1747484480.441994 sending message 112 to peer 0x5ff4f9c87160 (13 bytes)
1747484480.441995 sending message 112 to peer 0x5ff4f9c87160 (13 bytes)
1747484480.441997 sending message 112 to peer 0x5ff4f9c87160 (10 bytes)
1747484480.441998 sending message 112 to peer 0x5ff4f9c87160 (9 bytes)
1747484480.441999 sending message 112 to peer 0x5ff4f9c87160 (12 bytes)
1747484480.442000 sending message 112 to peer 0x5ff4f9c87160 (13 bytes)
1747484480.442002 sending message 112 to peer 0x5ff4f9c87160 (13 bytes)
1747484480.442007 sending message 112 to peer 0x5ff4f9c87160 (13 bytes)
1747484480.442009 sending message 112 to peer 0x5ff4f9c87160 (13 bytes)
1747484480.442010 sending message 112 to peer 0x5ff4f9c87160 (13 bytes)
1747484480.442011 sending message 112 to peer 0x5ff4f9c87160 (9 bytes)
1747484480.442013 sending message 112 to peer 0x5ff4f9c87160 (12 bytes)
1747484480.442014 sending message 112 to peer 0x5ff4f9c87160 (13 bytes)
1747484480.442015 sending message 112 to peer 0x5ff4f9c87160 (13 bytes)
1747484480.442016 sending message 112 to peer 0x5ff4f9c87160 (13 bytes)
1747484480.442018 sending message 112 to peer 0x5ff4f9c87160 (13 bytes)
1747484480.442019 sending message 112 to peer 0x5ff4f9c87160 (13 bytes)
1747484480.442020 sending message 112 to peer 0x5ff4f9c87160 (11 bytes)
1747484480.442021 sending message 112 to peer 0x5ff4f9c87160 (12 bytes)
1747484480.442023 sending message 112 to peer 0x5ff4f9c87160 (13 bytes)
1747484480.442024 sending message 112 to peer 0x5ff4f9c87160 (13 bytes)
1747484480.442025 sending message 112 to peer 0x5ff4f9c87160 (13 bytes)
1747484480.442026 sending message 112 to peer 0x5ff4f9c87160 (13 bytes)
1747484480.442028 sending message 112 to peer 0x5ff4f9c87160 (13 bytes)
1747484480.442029 sending message 112 to peer 0x5ff4f9c87160 (11 bytes)
1747484480.442030 sending message 112 to peer 0x5ff4f9c87160 (12 bytes)
1747484480.442031 sending message 112 to peer 0x5ff4f9c87160 (12 bytes)
1747484480.442033 sending message 112 to peer 0x5ff4f9c87160 (12 bytes)
1747484480.442034 sending message 112 to peer 0x5ff4f9c87160 (12 bytes)
1747484480.442035 sending message 112 to peer 0x5ff4f9c87160 (12 bytes)
1747484480.442037 sending message 112 to peer 0x5ff4f9c87160 (21 bytes)
1747484480.442038 sending message 112 to peer 0x5ff4f9c87160 (12 bytes)
1747484480.442039 sending message 112 to peer 0x5ff4f9c87160 (9 bytes)
1747484480.442040 sending message 112 to peer 0x5ff4f9c87160 (6 bytes)
1747484480.442042 sending message 112 to peer 0x5ff4f9c87160 (13 bytes)
1747484480.442043 sending message 112 to peer 0x5ff4f9c87160 (10 bytes)
1747484480.442044 sending message 112 to peer 0x5ff4f9c87160 (24 bytes)
1747484480.442046 sending message 112 to peer 0x5ff4f9c87160 (13 bytes)
1747484480.442047 sending message 112 to peer 0x5ff4f9c87160 (9 bytes)
1747484480.442048 sending message 112 to peer 0x5ff4f9c87160 (70 bytes)
1747484480.442050 sending message 112 to peer 0x5ff4f9c87160 (69 bytes)
1747484480.442051 sending message 112 to peer 0x5ff4f9c87160 (12 bytes)
1747484480.442052 sending message 112 to peer 0x5ff4f9c87160 (10 bytes)
1747484480.442053 sending message 112 to peer 0x5ff4f9c87160 (10 bytes)
1747484480.442055 sending message 112 to peer 0x5ff4f9c87160 (24 bytes)
1747484480.442056 sending message 112 to peer 0x5ff4f9c87160 (13 bytes)
1747484480.442058 sending message 112 to peer 0x5ff4f9c87160 (10 bytes)
1747484480.442059 sending message 112 to peer 0x5ff4f9c87160 (10 bytes)
1747484480.442060 sending message 112 to peer 0x5ff4f9c87160 (10 bytes)
1747484480.442062 sending message 112 to peer 0x5ff4f9c87160 (13 bytes)
1747484480.442063 sending message 112 to peer 0x5ff4f9c87160 (15 bytes)
1747484480.442064 sending message 112 to peer 0x5ff4f9c87160 (5 bytes)
1747484480.442066 sending message 104 to peer 0x5ff4f9c87160 (0 bytes)
1747484480.442068 sending message 110 to peer 0x5ff4f9c87160 (0 bytes)
1747484480.442069 sending message 107 to peer 0x5ff4f9c87160 (4 bytes)
1747484480.442070 sending message 105 to peer 0x5ff4f9c87160 (16 bytes)
1747484480.442072 sending message 105 to peer 0x5ff4f9c87160 (92 bytes)
1747484480.442073 sending message 105 to peer 0x5ff4f9c87160 (18 bytes)
1747484480.442074 sending message 105 to peer 0x5ff4f9c87160 (19 bytes)
1747484480.442076 sending message 105 to peer 0x5ff4f9c87160 (20 bytes)
1747484480.442077 sending message 105 to peer 0x5ff4f9c87160 (45 bytes)
1747484480.442079 sending message 105 to peer 0x5ff4f9c87160 (37 bytes)
1747484480.442080 sending message 105 to peer 0x5ff4f9c87160 (61 bytes)
1747484480.442081 sending message 105 to peer 0x5ff4f9c87160 (23 bytes)
1747484480.442085 sending message 105 to peer 0x5ff4f9c87160 (44 bytes)
1747484480.442086 sending message 105 to peer 0x5ff4f9c87160 (45 bytes)
1747484480.442087 sending message 105 to peer 0x5ff4f9c87160 (23 bytes)
1747484480.442088 sending message 105 to peer 0x5ff4f9c87160 (32 bytes)
1747484480.442090 sending message 105 to peer 0x5ff4f9c87160 (20 bytes)
1747484480.442091 sending message 105 to peer 0x5ff4f9c87160 (41 bytes)
1747484480.442093 sending message 105 to peer 0x5ff4f9c87160 (51 bytes)
1747484480.442094 sending message 105 to peer 0x5ff4f9c87160 (20 bytes)
1747484480.442095 sending message 105 to peer 0x5ff4f9c87160 (23 bytes)
1747484480.442097 sending message 105 to peer 0x5ff4f9c87160 (24 bytes)
1747484480.442098 sending message 105 to peer 0x5ff4f9c87160 (28 bytes)
1747484480.442099 sending message 105 to peer 0x5ff4f9c87160 (47 bytes)
1747484480.442100 sending message 105 to peer 0x5ff4f9c87160 (27 bytes)
1747484480.442102 sending message 105 to peer 0x5ff4f9c87160 (14 bytes)
1747484480.442103 sending message 105 to peer 0x5ff4f9c87160 (17 bytes)
1747484480.442104 sending message 105 to peer 0x5ff4f9c87160 (21 bytes)
1747484480.442106 sending message 105 to peer 0x5ff4f9c87160 (52 bytes)
1747484480.442107 sending message 105 to peer 0x5ff4f9c87160 (22 bytes)
1747484480.442108 sending message 105 to peer 0x5ff4f9c87160 (41 bytes)
1747484480.442110 sending message 105 to peer 0x5ff4f9c87160 (13 bytes)
1747484480.442111 sending message 105 to peer 0x5ff4f9c87160 (17 bytes)
1747484480.442112 sending message 105 to peer 0x5ff4f9c87160 (15 bytes)
1747484480.442114 sending message 105 to peer 0x5ff4f9c87160 (21 bytes)
1747484480.442115 sending message 105 to peer 0x5ff4f9c87160 (17 bytes)
1747484480.442116 sending message 105 to peer 0x5ff4f9c87160 (1817 bytes)
1747484480.442123 sending message 105 to peer 0x5ff4f9c87160 (33 bytes)
1747484480.442125 sending message 105 to peer 0x5ff4f9c87160 (155 bytes)
1747484480.442126 sending message 105 to peer 0x5ff4f9c87160 (47 bytes)
1747484480.442128 sending message 105 to peer 0x5ff4f9c87160 (16 bytes)
1747484480.442129 sending message 105 to peer 0x5ff4f9c87160 (55 bytes)
1747484480.442130 sending message 105 to peer 0x5ff4f9c87160 (25 bytes)
1747484480.442132 sending message 105 to peer 0x5ff4f9c87160 (34 bytes)
1747484480.442133 sending message 105 to peer 0x5ff4f9c87160 (23 bytes)
1747484480.442134 sending message 105 to peer 0x5ff4f9c87160 (20 bytes)
1747484480.442135 sending message 105 to peer 0x5ff4f9c87160 (30 bytes)
1747484480.442137 sending message 105 to peer 0x5ff4f9c87160 (32 bytes)
1747484480.442138 sending message 105 to peer 0x5ff4f9c87160 (11 bytes)
1747484480.442139 sending message 105 to peer 0x5ff4f9c87160 (11 bytes)
1747484480.442141 sending message 105 to peer 0x5ff4f9c87160 (8 bytes)
1747484480.442142 sending message 105 to peer 0x5ff4f9c87160 (14 bytes)
1747484480.442143 sending message 105 to peer 0x5ff4f9c87160 (35 bytes)
1747484480.442145 sending message 105 to peer 0x5ff4f9c87160 (25 bytes)
1747484480.442146 sending message 105 to peer 0x5ff4f9c87160 (18 bytes)
1747484480.442147 sending message 105 to peer 0x5ff4f9c87160 (27 bytes)
1747484480.442148 sending message 105 to peer 0x5ff4f9c87160 (17 bytes)
1747484480.442150 sending message 105 to peer 0x5ff4f9c87160 (31 bytes)
1747484480.442151 sending message 105 to peer 0x5ff4f9c87160 (47 bytes)
1747484480.442152 sending message 105 to peer 0x5ff4f9c87160 (20 bytes)
1747484480.442154 sending message 105 to peer 0x5ff4f9c87160 (23 bytes)
1747484480.442155 sending message 105 to peer 0x5ff4f9c87160 (102 bytes)
1747484480.442156 sending message 105 to peer 0x5ff4f9c87160 (202 bytes)
1747484480.442158 sending message 105 to peer 0x5ff4f9c87160 (38 bytes)
1747484480.442159 sending message 105 to peer 0x5ff4f9c87160 (18 bytes)
1747484480.442160 sending message 105 to peer 0x5ff4f9c87160 (9 bytes)
1747484480.442162 sending message 105 to peer 0x5ff4f9c87160 (54 bytes)
1747484480.442163 sending message 105 to peer 0x5ff4f9c87160 (52 bytes)
1747484480.442164 sending message 105 to peer 0x5ff4f9c87160 (29 bytes)
1747484480.442167 sending message 105 to peer 0x5ff4f9c87160 (35 bytes)
1747484480.442169 sending message 105 to peer 0x5ff4f9c87160 (23 bytes)
1747484480.442170 sending message 105 to peer 0x5ff4f9c87160 (23 bytes)
1747484480.442171 sending message 105 to peer 0x5ff4f9c87160 (16 bytes)
1747484480.442173 sending message 106 to peer 0x5ff4f9c87160 (0 bytes)
1747484480.442199 sending message 200 to peer 0x5ff4f9c87160 (4 bytes)
1747484480.442201 client loop enter
1747484480.442208 client_signal: Child exited
1747484480.468988 peer 0x5ff4f9c87160 message 207
1747484480.468994 sending message 208 to peer 0x5ff4f9c87160 (0 bytes)
1747484483.225619 peer 0x5ff4f9c87160 message 203
1747484483.225624 sending message 205 to peer 0x5ff4f9c87160 (0 bytes)
1747484483.225763 peer 0x5ff4f9c87160 message 204
1747484483.225765 client loop exit
